state 0 //

    0 $accept: . program

    FIELD  shift, and goto state 3

    comp_expr  goto state 4
    expr       goto state 2
    program    goto state 1

state 1 // FIELD EQ FIELD [$end]

    0 $accept: program .  [$end]

    $end  accept

state 2 // FIELD EQ FIELD [$end]

    1 program: expr .  [$end]
    5 expr: expr . AND expr  // assoc %left, prec 1
    6 expr: expr . OR expr  // assoc %left, prec 1

    $end  reduce using rule 1 (program)
    AND   shift, and goto state 9
    OR    shift, and goto state 10

state 3 // FIELD

    4 comp_expr: FIELD . bin_op FIELD

    EQ   shift, and goto state 6
    NEQ  shift, and goto state 5

    bin_op  goto state 7

state 4 // FIELD EQ FIELD [$end]

    7 expr: comp_expr .  [$end, AND, OR]

    $end  reduce using rule 7 (expr)
    AND   reduce using rule 7 (expr)
    OR    reduce using rule 7 (expr)

state 5 // FIELD NEQ

    2 bin_op: NEQ .  [FIELD]

    FIELD  reduce using rule 2 (bin_op)

state 6 // FIELD EQ

    3 bin_op: EQ .  [FIELD]

    FIELD  reduce using rule 3 (bin_op)

state 7 // FIELD EQ [FIELD]

    4 comp_expr: FIELD bin_op . FIELD

    FIELD  shift, and goto state 8

state 8 // FIELD EQ FIELD

    4 comp_expr: FIELD bin_op FIELD .  [$end, AND, OR]

    $end  reduce using rule 4 (comp_expr)
    AND   reduce using rule 4 (comp_expr)
    OR    reduce using rule 4 (comp_expr)

state 9 // FIELD EQ FIELD AND

    5 expr: expr AND . expr  // assoc %left, prec 1

    FIELD  shift, and goto state 3

    comp_expr  goto state 4
    expr       goto state 12

state 10 // FIELD EQ FIELD OR

    6 expr: expr OR . expr  // assoc %left, prec 1

    FIELD  shift, and goto state 3

    comp_expr  goto state 4
    expr       goto state 11

state 11 // FIELD EQ FIELD OR FIELD EQ FIELD [$end]

    5 expr: expr . AND expr  // assoc %left, prec 1
    6 expr: expr . OR expr  // assoc %left, prec 1
    6 expr: expr OR expr .  [$end, AND, OR]  // assoc %left, prec 1

    $end  reduce using rule 6 (expr)
    AND   reduce using rule 6 (expr)
    OR    reduce using rule 6 (expr)

state 12 // FIELD EQ FIELD AND FIELD EQ FIELD [$end]

    5 expr: expr . AND expr  // assoc %left, prec 1
    5 expr: expr AND expr .  [$end, AND, OR]  // assoc %left, prec 1
    6 expr: expr . OR expr  // assoc %left, prec 1

    $end  reduce using rule 5 (expr)
    AND   reduce using rule 5 (expr)
    OR    reduce using rule 5 (expr)

